
-------------------------------------------------------------------------------
Parsing project file - C:\Program Files (x86)\Steam\steamapps\common\DarkestDungeon\mods\McSkell Hedgeknight\project.xml
Mod Data Directory = C:/Program Files (x86)/Steam/steamapps/common/DarkestDungeon/mods/McSkell Hedgeknight/

-------------------------------------------------------------------------------
Processing Map Files files...

-------------------------------------------------------------------------------
Running Localization...
Parsing localization/hedgeknight.string_table.xml

Building Languages
Exporting .loc2 files

-------------------------------------------------------------------------------
Searching for preview icon file C:/Program Files (x86)/Steam/steamapps/common/DarkestDungeon/mods/McSkell Hedgeknight/preview_icon.png...FOUND!
<UploadMode> - Set to direct_upload


-------------------------------------------------------------------------------
Modded files...

heroes/hedgeknight/hedgeknight_A/anim/hedgeknight.sprite.afflicted.png
heroes/hedgeknight/hedgeknight_A/anim/hedgeknight.sprite.attack_bash.png
heroes/hedgeknight/hedgeknight_A/anim/hedgeknight.sprite.attack_rising.png
heroes/hedgeknight/hedgeknight_A/anim/hedgeknight.sprite.attack_round_swing.png
heroes/hedgeknight/hedgeknight_A/anim/hedgeknight.sprite.attack_split_shield.png
heroes/hedgeknight/hedgeknight_A/anim/hedgeknight.sprite.attack_wild_s.png
heroes/hedgeknight/hedgeknight_A/anim/hedgeknight.sprite.attack_yell.png
heroes/hedgeknight/hedgeknight_A/anim/hedgeknight.sprite.camp.png
heroes/hedgeknight/hedgeknight_A/anim/hedgeknight.sprite.combat.png
heroes/hedgeknight/hedgeknight_A/anim/hedgeknight.sprite.defend.png
heroes/hedgeknight/hedgeknight_A/anim/hedgeknight.sprite.idle.png
heroes/hedgeknight/hedgeknight_A/anim/hedgeknight.sprite.investigate.png
heroes/hedgeknight/hedgeknight_A/anim/hedgeknight.sprite.walk.png
modes/bloodmoon/upgrades/heroes/hedgeknight.upgrades.json
modes/new_game_plus/upgrades/heroes/hedgeknight.upgrades.json
modes/radiant/upgrades/heroes/hedgeknight.upgrades.json
heroes/hedgeknight/anim/hedgeknight.sprite.afflicted.atlas
heroes/hedgeknight/anim/hedgeknight.sprite.afflicted.skel
heroes/hedgeknight/anim/hedgeknight.sprite.attack_bash.atlas
heroes/hedgeknight/anim/hedgeknight.sprite.attack_bash.skel
heroes/hedgeknight/anim/hedgeknight.sprite.attack_rising.atlas
heroes/hedgeknight/anim/hedgeknight.sprite.attack_rising.skel
heroes/hedgeknight/anim/hedgeknight.sprite.attack_round_swing.atlas
heroes/hedgeknight/anim/hedgeknight.sprite.attack_round_swing.skel
heroes/hedgeknight/anim/hedgeknight.sprite.attack_split_shield.atlas
heroes/hedgeknight/anim/hedgeknight.sprite.attack_split_shield.skel
heroes/hedgeknight/anim/hedgeknight.sprite.attack_wild_s.atlas
heroes/hedgeknight/anim/hedgeknight.sprite.attack_wild_s.skel
heroes/hedgeknight/anim/hedgeknight.sprite.attack_yell.atlas
heroes/hedgeknight/anim/hedgeknight.sprite.attack_yell.skel
heroes/hedgeknight/anim/hedgeknight.sprite.camp.atlas
heroes/hedgeknight/anim/hedgeknight.sprite.camp.skel
heroes/hedgeknight/anim/hedgeknight.sprite.combat.atlas
heroes/hedgeknight/anim/hedgeknight.sprite.combat.skel
heroes/hedgeknight/anim/hedgeknight.sprite.defend.atlas
heroes/hedgeknight/anim/hedgeknight.sprite.defend.skel
heroes/hedgeknight/anim/hedgeknight.sprite.idle.atlas
heroes/hedgeknight/anim/hedgeknight.sprite.idle.skel
heroes/hedgeknight/anim/hedgeknight.sprite.investigate.atlas
heroes/hedgeknight/anim/hedgeknight.sprite.investigate.skel
heroes/hedgeknight/anim/hedgeknight.sprite.walk.atlas
heroes/hedgeknight/anim/hedgeknight.sprite.walk.skel
heroes/hedgeknight/fx/hedgeknight.sprite.dismember.atlas
heroes/hedgeknight/fx/hedgeknight.sprite.dismember.png
heroes/hedgeknight/fx/hedgeknight.sprite.dismember.skel
heroes/hedgeknight/fx/hedgeknight.sprite.massacre_target.atlas
heroes/hedgeknight/fx/hedgeknight.sprite.massacre_target.png
heroes/hedgeknight/fx/hedgeknight.sprite.massacre_target.skel
heroes/hedgeknight/fx/hedgeknight.sprite.rising_cut.atlas
heroes/hedgeknight/fx/hedgeknight.sprite.rising_cut.png
heroes/hedgeknight/fx/hedgeknight.sprite.rising_cut.skel
heroes/hedgeknight/fx/hedgeknight.sprite.round_cut.atlas
heroes/hedgeknight/fx/hedgeknight.sprite.round_cut.png
heroes/hedgeknight/fx/hedgeknight.sprite.round_cut.skel
heroes/hedgeknight/fx/hedgeknight.sprite.round_swing.atlas
heroes/hedgeknight/fx/hedgeknight.sprite.round_swing.png
heroes/hedgeknight/fx/hedgeknight.sprite.round_swing.skel
heroes/hedgeknight/fx/hedgeknight.sprite.split_man.atlas
heroes/hedgeknight/fx/hedgeknight.sprite.split_man.png
heroes/hedgeknight/fx/hedgeknight.sprite.split_man.skel
heroes/hedgeknight/fx/hedgeknight.sprite.split_shield.atlas
heroes/hedgeknight/fx/hedgeknight.sprite.split_shield.png
heroes/hedgeknight/fx/hedgeknight.sprite.split_shield.skel
heroes/hedgeknight/fx/hedgeknight.sprite.split_shield_target.atlas
heroes/hedgeknight/fx/hedgeknight.sprite.split_shield_target.png
heroes/hedgeknight/fx/hedgeknight.sprite.split_shield_target.skel
heroes/hedgeknight/fx/hedgeknight.sprite.wild_swing.atlas
heroes/hedgeknight/fx/hedgeknight.sprite.wild_swing.png
heroes/hedgeknight/fx/hedgeknight.sprite.wild_swing.skel
heroes/hedgeknight/fx/hedgeknight.sprite.yell.atlas
heroes/hedgeknight/fx/hedgeknight.sprite.yell.png
heroes/hedgeknight/fx/hedgeknight.sprite.yell.skel
heroes/hedgeknight/hedgeknight_A/hedgeknight_portrait_roster.png
heroes/hedgeknight/icons_equip/eqp_armour_0.png
heroes/hedgeknight/icons_equip/eqp_armour_1.png
heroes/hedgeknight/icons_equip/eqp_armour_2.png
heroes/hedgeknight/icons_equip/eqp_armour_3.png
heroes/hedgeknight/icons_equip/eqp_armour_4.png
heroes/hedgeknight/icons_equip/eqp_weapon_0.png
heroes/hedgeknight/icons_equip/eqp_weapon_1.png
heroes/hedgeknight/icons_equip/eqp_weapon_2.png
heroes/hedgeknight/icons_equip/eqp_weapon_3.png
heroes/hedgeknight/icons_equip/eqp_weapon_4.png
panels/icons_equip/trinket/inv_trinket+hedgeknight_armor_trinket.png
panels/icons_equip/trinket/inv_trinket+hedgeknight_cc_trinket_1.png
panels/icons_equip/trinket/inv_trinket+hedgeknight_cc_trinket_2.png
panels/icons_equip/trinket/inv_trinket+hedgeknight_chaos_axe_trinket_1.png
panels/icons_equip/trinket/inv_trinket+hedgeknight_collector_trinket.png
panels/icons_equip/trinket/inv_trinket+hedgeknight_crystal_trinket.png
panels/icons_equip/trinket/inv_trinket+hedgeknight_handaxe_trinket.png
panels/icons_equip/trinket/inv_trinket+hedgeknight_helmet_trinket.png
panels/icons_equip/trinket/inv_trinket+hedgeknight_pole_axe_trinket_1.png
panels/icons_equip/trinket/inv_trinket+hedgeknight_sunward_trinket.png
raid/camping/skill_icons/camp_skill_hedgeknight_executioner.png
raid/camping/skill_icons/camp_skill_hedgeknight_fray.png
raid/camping/skill_icons/camp_skill_hedgeknight_lesson.png
raid/camping/skill_icons/camp_skill_hedgeknight_revel_slaughter.png
audio/secondary_banks/hero_skell_hedgeknight.bank
heroes/hedgeknight/hedgeknight.ability.five.png
heroes/hedgeknight/hedgeknight.ability.four.png
heroes/hedgeknight/hedgeknight.ability.move.png
heroes/hedgeknight/hedgeknight.ability.one.png
heroes/hedgeknight/hedgeknight.ability.seven.png
heroes/hedgeknight/hedgeknight.ability.six.png
heroes/hedgeknight/hedgeknight.ability.three.png
heroes/hedgeknight/hedgeknight.ability.two.png
heroes/hedgeknight/hedgeknight.art.darkest
heroes/hedgeknight/hedgeknight.info.darkest
heroes/hedgeknight/hedgeknight_guild_header.png
raid/camping/hedgeknight.camping_skills - Kopie.json
raid/camping/hedgeknight.camping_skills.json
shared/buffs/hedgeknight.buffs.json
shared/buffs/hedgeknight_tt.buffs.json
shared/trait/hedgeknight.trait_library.json
upgrades/heroes/hedgeknight.upgrades.json
audio/mcskellhedgeknight.campaign.guid_overrides.json
audio/mcskellhedgeknight.campaign.load_order.json
colours/com.colours.darkest
colours/crimson_court.colours.darkest
effects/hedgeknight.effects.darkest
localization/2855471560_english.loc2
localization/hedgeknight.string_table.xml
preview_icon.png
project.xml

Submitting............................................................................................Submitted.
Saving project file C:\Program Files (x86)\Steam\steamapps\common\DarkestDungeon\mods\McSkell Hedgeknight\project.xml

